=== Launch 2025-09-04T14:49:41.841282 ===
CMD: /Users/alastairpickering/.pileated_gibbon_dashboard/.venv/bin/python -u /Users/alastairpickering/Desktop/Alastair/github/pileated_gibbon_classifier/scripts/pipeline.py --audio-dir /Users/alastairpickering/Desktop/Alastair/github/pileated_gibbon_classifier/audio --status-file /Users/alastairpickering/Desktop/Alastair/github/pileated_gibbon_classifier/results/pipeline_status.json --results-dir /Users/alastairpickering/Desktop/Alastair/github/pileated_gibbon_classifier/results
[INFO] Downloading https://github.com/AlastairPickering/pileated_gibbon_classifier/releases/download/v.1.0.0/BEATs_iter3_plus_AS2M.pt -> /Users/alastairpickering/Desktop/Alastair/github/pileated_gibbon_classifier/models/BEATs_iter3_plus_AS2M.pt
[INFO] Downloaded /Users/alastairpickering/Desktop/Alastair/github/pileated_gibbon_classifier/models/BEATs_iter3_plus_AS2M.pt (361499833 bytes)
[INFO] Downloading https://github.com/AlastairPickering/pileated_gibbon_classifier/releases/download/v.1.0.0/Tokenizer_iter3_plus_AS2M.pt -> /Users/alastairpickering/Desktop/Alastair/github/pileated_gibbon_classifier/models/Tokenizer_iter3_plus_AS2M.pt
[INFO] Downloaded /Users/alastairpickering/Desktop/Alastair/github/pileated_gibbon_classifier/models/Tokenizer_iter3_plus_AS2M.pt (366757962 bytes)
/Users/alastairpickering/.pileated_gibbon_dashboard/.venv/lib/python3.9/site-packages/torch/nn/utils/weight_norm.py:28: UserWarning: torch.nn.utils.weight_norm is deprecated in favor of torch.nn.utils.parametrizations.weight_norm.
  warnings.warn("torch.nn.utils.weight_norm is deprecated in favor of torch.nn.utils.parametrizations.weight_norm.")
[INFO] Using RAW_AUDIO_DIR=/Users/alastairpickering/Desktop/Alastair/github/pileated_gibbon_classifier/audio
[INFO] Writing results to /Users/alastairpickering/Desktop/Alastair/github/pileated_gibbon_classifier/results
[INFO] BEATs dir  : /Users/alastairpickering/Desktop/Alastair/github/pileated_gibbon_classifier/models/unilm/beats
[INFO] BEATs ckpt : /Users/alastairpickering/Desktop/Alastair/github/pileated_gibbon_classifier/models/BEATs_iter3_plus_AS2M.pt
[INFO] Bundle     : /Users/alastairpickering/Desktop/Alastair/github/pileated_gibbon_classifier/models/logreg_beats_pipeline_v5.joblib
[INFO] Status file: /Users/alastairpickering/Desktop/Alastair/github/pileated_gibbon_classifier/results/pipeline_status.json

Starting processing cycle…
Processing 0 files (max 100) this cycle.
Cycle complete. Sleeping 10s…

Starting processing cycle…
Processing 0 files (max 100) this cycle.
Cycle complete. Sleeping 10s…

Starting processing cycle…
Processing 0 files (max 100) this cycle.
Cycle complete. Sleeping 10s…

Starting processing cycle…
Processing 0 files (max 100) this cycle.
Cycle complete. Sleeping 10s…

Starting processing cycle…
Processing 0 files (max 100) this cycle.
Cycle complete. Sleeping 10s…

Starting processing cycle…
Processing 0 files (max 100) this cycle.
Cycle complete. Sleeping 10s…

Starting processing cycle…
Processing 0 files (max 100) this cycle.
Cycle complete. Sleeping 10s…

Starting processing cycle…
Processing 0 files (max 100) this cycle.
Cycle complete. Sleeping 10s…

Starting processing cycle…
Processing 0 files (max 100) this cycle.
Cycle complete. Sleeping 10s…

Starting processing cycle…
Processing 0 files (max 100) this cycle.
Cycle complete. Sleeping 10s…

Starting processing cycle…
Processing 0 files (max 100) this cycle.
Cycle complete. Sleeping 10s…
